{
  "RSpec": {
    "coverage": {
      "/Users/kawabatayouhei/workspace/awesome_events/spec/controllers/events_controller_spec.rb": [
        1,
        null,
        1,
        1,
        1,
        2,
        null,
        1,
        1,
        null,
        null,
        null,
        1,
        1,
        3,
        3,
        3,
        null,
        null,
        1,
        1,
        null,
        null,
        1,
        1,
        null,
        null,
        1,
        1,
        null,
        null,
        null,
        null
      ],
      "/Users/kawabatayouhei/workspace/awesome_events/spec/rails_helper.rb": [
        null,
        1,
        1,
        1,
        1,
        null,
        1,
        1,
        1,
        null,
        1,
        null,
        null,
        null,
        null,
        null,
        null,
        null,
        null,
        1,
        null,
        null,
        null,
        1,
        null,
        1,
        null,
        1,
        2,
        2,
        null,
        null,
        null,
        null,
        null,
        null,
        null,
        null,
        null,
        1,
        1,
        null,
        null,
        1,
        17,
        null,
        null,
        1,
        3,
        null,
        null,
        1,
        17,
        null,
        null,
        1,
        17,
        null,
        null,
        null,
        1,
        null,
        null,
        null,
        null,
        null,
        1,
        null,
        null,
        null,
        null,
        null,
        null,
        null,
        null,
        null,
        null,
        null,
        null,
        null,
        null,
        1,
        null
      ],
      "/Users/kawabatayouhei/workspace/awesome_events/config/environment.rb": [
        null,
        1,
        null,
        null,
        1
      ],
      "/Users/kawabatayouhei/workspace/awesome_events/config/application.rb": [
        1,
        null,
        null,
        1,
        1,
        1,
        1,
        1,
        1,
        1,
        null,
        null,
        null,
        null,
        1,
        null,
        1,
        1,
        null,
        null,
        null,
        null,
        null,
        null,
        null,
        1,
        null,
        null,
        null,
        null,
        1,
        null,
        null,
        1,
        null,
        null
      ],
      "/Users/kawabatayouhei/workspace/awesome_events/config/boot.rb": [
        1,
        null,
        1
      ],
      "/Users/kawabatayouhei/workspace/awesome_events/config/environments/test.rb": [
        1,
        null,
        null,
        null,
        null,
        null,
        null,
        1,
        null,
        null,
        null,
        null,
        1,
        null,
        null,
        1,
        1,
        null,
        null,
        1,
        1,
        null,
        null,
        1,
        null,
        null,
        1,
        null,
        null,
        null,
        null,
        1,
        null,
        null,
        1,
        null,
        null,
        1,
        null,
        null,
        null,
        null
      ],
      "/Users/kawabatayouhei/workspace/awesome_events/config/initializers/assets.rb": [
        null,
        null,
        null,
        1,
        null,
        null,
        null,
        null,
        null,
        null,
        null
      ],
      "/Users/kawabatayouhei/workspace/awesome_events/config/initializers/backtrace_silencers.rb": [
        null,
        null,
        null,
        null,
        null,
        null,
        null
      ],
      "/Users/kawabatayouhei/workspace/awesome_events/config/initializers/cookies_serializer.rb": [
        null,
        null,
        1
      ],
      "/Users/kawabatayouhei/workspace/awesome_events/config/initializers/filter_parameter_logging.rb": [
        null,
        null,
        null,
        1
      ],
      "/Users/kawabatayouhei/workspace/awesome_events/config/initializers/inflections.rb": [
        null,
        null,
        null,
        null,
        null,
        null,
        null,
        null,
        null,
        null,
        null,
        null,
        null,
        null,
        null,
        null
      ],
      "/Users/kawabatayouhei/workspace/awesome_events/config/initializers/mime_types.rb": [
        null,
        null,
        null,
        null
      ],
      "/Users/kawabatayouhei/workspace/awesome_events/config/initializers/omniauth.rb": [
        1,
        1,
        null,
        null,
        null
      ],
      "/Users/kawabatayouhei/workspace/awesome_events/config/initializers/session_store.rb": [
        null,
        null,
        1
      ],
      "/Users/kawabatayouhei/workspace/awesome_events/config/initializers/wrap_parameters.rb": [
        null,
        null,
        null,
        null,
        null,
        null,
        1,
        1,
        null,
        null,
        null,
        null,
        null,
        null
      ],
      "/Users/kawabatayouhei/workspace/awesome_events/test/factories/events.rb": [
        1,
        1,
        1,
        7,
        9,
        9,
        9,
        9,
        null,
        null
      ],
      "/Users/kawabatayouhei/workspace/awesome_events/test/factories/users.rb": [
        1,
        1,
        1,
        11,
        11,
        11,
        null,
        null,
        null
      ],
      "/Users/kawabatayouhei/workspace/awesome_events/config/routes.rb": [
        1,
        1,
        null,
        1,
        1,
        1,
        null,
        1,
        1,
        null,
        null,
        1,
        1,
        null,
        null,
        1,
        null,
        null,
        null,
        null,
        null,
        null,
        null,
        null,
        null,
        null,
        null,
        null,
        null,
        null,
        null,
        null,
        null,
        null,
        null,
        null,
        null,
        null,
        null,
        null,
        null,
        null,
        null,
        null,
        null,
        null,
        null,
        null,
        null,
        null,
        null,
        null,
        null,
        null,
        null,
        null,
        null,
        null,
        null,
        null,
        null,
        null,
        null,
        null,
        null,
        null,
        null,
        null,
        null,
        null,
        null,
        null
      ],
      "/Users/kawabatayouhei/workspace/awesome_events/app/helpers/application_helper.rb": [
        1,
        1,
        7,
        null,
        null
      ],
      "/Users/kawabatayouhei/workspace/awesome_events/app/helpers/events_helper.rb": [
        1,
        null
      ],
      "/Users/kawabatayouhei/workspace/awesome_events/app/helpers/sessions_helper.rb": [
        1,
        null
      ],
      "/Users/kawabatayouhei/workspace/awesome_events/app/helpers/tickets_helper.rb": [
        1,
        null
      ],
      "/Users/kawabatayouhei/workspace/awesome_events/app/helpers/users_helper.rb": [
        1,
        null
      ],
      "/Users/kawabatayouhei/workspace/awesome_events/app/helpers/welcome_helper.rb": [
        1,
        null
      ],
      "/Users/kawabatayouhei/workspace/awesome_events/app/controllers/events_controller.rb": [
        1,
        1,
        null,
        1,
        3,
        null,
        null,
        1,
        0,
        0,
        0,
        null,
        0,
        null,
        null,
        null,
        1,
        5,
        5,
        5,
        null,
        null,
        1,
        0,
        null,
        null,
        1,
        0,
        0,
        0,
        null,
        0,
        null,
        null,
        null,
        1,
        0,
        0,
        0,
        null,
        null,
        1,
        null,
        1,
        0,
        null,
        null
      ],
      "/Users/kawabatayouhei/workspace/awesome_events/app/controllers/application_controller.rb": [
        1,
        null,
        null,
        1,
        null,
        1,
        null,
        null,
        1,
        null,
        1,
        null,
        1,
        24,
        null,
        null,
        1,
        20,
        20,
        null,
        null,
        1,
        6,
        1,
        null,
        null,
        1,
        0,
        null,
        null,
        1,
        0,
        0,
        null,
        null
      ],
      "/Users/kawabatayouhei/workspace/awesome_events/spec/features/create_ticket_spec.rb": [
        1,
        null,
        1,
        4,
        null,
        1,
        1,
        3,
        3,
        3,
        3,
        null,
        null,
        1,
        1,
        null,
        null,
        1,
        1,
        2,
        2,
        null,
        null,
        1,
        1,
        null,
        null,
        1,
        1,
        null,
        null,
        null,
        null
      ],
      "/Users/kawabatayouhei/workspace/awesome_events/spec/features/login_spec.rb": [
        1,
        null,
        1,
        1,
        1,
        1,
        2,
        2,
        null,
        null,
        1,
        1,
        null,
        null,
        1,
        1,
        null,
        null,
        null,
        null
      ],
      "/Users/kawabatayouhei/workspace/awesome_events/spec/models/event_spec.rb": [
        1,
        null,
        1,
        1,
        2,
        2,
        null,
        null,
        1,
        2,
        null,
        1,
        1,
        1,
        null,
        null,
        null,
        null,
        1,
        3,
        3,
        null,
        1,
        2,
        2,
        null,
        null,
        1,
        2,
        2,
        null,
        null,
        null,
        1,
        1,
        1,
        1,
        1,
        null,
        null,
        null,
        1,
        1,
        1,
        1,
        null,
        null,
        null,
        null
      ],
      "/Users/kawabatayouhei/workspace/awesome_events/app/models/event.rb": [
        1,
        1,
        1,
        null,
        1,
        1,
        1,
        1,
        1,
        1,
        null,
        1,
        8,
        6,
        null,
        null,
        1,
        2,
        null,
        null,
        1,
        null,
        1,
        16,
        null,
        8,
        0,
        null,
        null,
        null,
        null
      ],
      "/Users/kawabatayouhei/workspace/awesome_events/spec/views/events/show.html.slim_spec.rb": [
        1,
        null,
        1,
        1,
        1,
        2,
        2,
        null,
        null,
        1,
        1,
        1,
        1,
        null,
        null,
        1,
        1,
        1,
        null,
        null,
        null,
        null,
        1,
        null,
        null,
        null,
        null,
        null
      ],
      "/Users/kawabatayouhei/workspace/awesome_events/app/models/user.rb": [
        1,
        1,
        null,
        1,
        1,
        1,
        null,
        1,
        5,
        5,
        5,
        5,
        null,
        5,
        5,
        5,
        null,
        null,
        null,
        1,
        null,
        1,
        0,
        0,
        0,
        null,
        null,
        0,
        0,
        null,
        0,
        null,
        null
      ],
      "/Users/kawabatayouhei/workspace/awesome_events/app/controllers/welcome_controller.rb": [
        1,
        1,
        null,
        1,
        null,
        10,
        null,
        10,
        null,
        null,
        1,
        null,
        1,
        10,
        null,
        10,
        null,
        null
      ],
      "/Users/kawabatayouhei/workspace/awesome_events/app/controllers/sessions_controller.rb": [
        1,
        1,
        5,
        5,
        5,
        null,
        null,
        1,
        0,
        0,
        null,
        null
      ],
      "/Users/kawabatayouhei/workspace/awesome_events/app/models/ticket.rb": [
        1,
        1,
        1,
        null,
        1,
        null
      ],
      "/Users/kawabatayouhei/workspace/awesome_events/app/controllers/tickets_controller.rb": [
        1,
        1,
        null,
        1,
        0,
        null,
        null,
        1,
        2,
        2,
        2,
        null,
        null,
        2,
        2,
        2,
        null,
        0,
        null,
        null,
        null,
        1,
        0,
        0,
        null,
        0,
        null,
        null
      ]
    },
    "timestamp": 1421715639
  }
}
